[debug] [2020-12-26T17:06:28.658Z] ----------------------------------------------------------------------
[debug] [2020-12-26T17:06:28.660Z] Command:       /usr/bin/node /usr/bin/firebase emulators:start
[debug] [2020-12-26T17:06:28.661Z] CLI Version:   9.1.0
[debug] [2020-12-26T17:06:28.661Z] Platform:      linux
[debug] [2020-12-26T17:06:28.661Z] Node Version:  v14.11.0
[debug] [2020-12-26T17:06:28.661Z] Time:          Sat Dec 26 2020 18:06:28 GMT+0100 (Central European Standard Time)
[debug] [2020-12-26T17:06:28.662Z] ----------------------------------------------------------------------
[debug] [2020-12-26T17:06:28.662Z] 
[debug] [2020-12-26T17:06:28.667Z] > command requires scopes: ["email","openid","https://www.googleapis.com/auth/cloudplatformprojects.readonly","https://www.googleapis.com/auth/firebase","https://www.googleapis.com/auth/cloud-platform"]
[debug] [2020-12-26T17:06:28.668Z] > authorizing via signed-in user
[info] i  emulators: Starting emulators: functions, firestore, hosting {"metadata":{"emulator":{"name":"hub"},"message":"Starting emulators: functions, firestore, hosting"}}
[debug] [2020-12-26T17:06:28.709Z] [hub] writing locator at /tmp/hub-amaclone-673b4.json
[warn] ⚠  functions: The following emulators are not running, calls to these services from the Functions emulator will affect production: auth, database, pubsub {"metadata":{"emulator":{"name":"functions"},"message":"The following emulators are not running, calls to these services from the Functions emulator will affect production: \u001b[1mauth, database, pubsub\u001b[22m"}}
[warn] ⚠  Your requested "node" version "12" doesn't match your global version "14" {"metadata":{"emulator":{"name":"functions"},"message":"Your requested \"node\" version \"12\" doesn't match your global version \"14\""}}
[debug] [2020-12-26T17:06:28.750Z] defaultcredentials: writing to file /home/becode/.config/firebase/donovanherion_gmail_com_application_default_credentials.json
[debug] [2020-12-26T17:06:28.752Z] Setting GAC to /home/becode/.config/firebase/donovanherion_gmail_com_application_default_credentials.json {"metadata":{"emulator":{"name":"functions"},"message":"Setting GAC to /home/becode/.config/firebase/donovanherion_gmail_com_application_default_credentials.json"}}
[debug] [2020-12-26T17:06:28.762Z] Ignoring unsupported arg: projectId {"metadata":{"emulator":{"name":"firestore"},"message":"Ignoring unsupported arg: projectId"}}
[debug] [2020-12-26T17:06:28.762Z] Ignoring unsupported arg: auto_download {"metadata":{"emulator":{"name":"firestore"},"message":"Ignoring unsupported arg: auto_download"}}
[debug] [2020-12-26T17:06:28.762Z] Starting Firestore Emulator with command {"binary":"java","args":["-Dgoogle.cloud_firestore.debug_log_level=FINE","-Duser.language=en","-jar","/home/becode/.cache/firebase/emulators/cloud-firestore-emulator-v1.11.11.jar","--host","localhost","--port",8080,"--rules","/home/becode/Desktop/amazon-clone/firestore.rules","--functions_emulator","localhost:5001"],"optionalArgs":["port","webchannel_port","host","rules","functions_emulator","seed_from_export"],"joinArgs":false} {"metadata":{"emulator":{"name":"firestore"},"message":"Starting Firestore Emulator with command {\"binary\":\"java\",\"args\":[\"-Dgoogle.cloud_firestore.debug_log_level=FINE\",\"-Duser.language=en\",\"-jar\",\"/home/becode/.cache/firebase/emulators/cloud-firestore-emulator-v1.11.11.jar\",\"--host\",\"localhost\",\"--port\",8080,\"--rules\",\"/home/becode/Desktop/amazon-clone/firestore.rules\",\"--functions_emulator\",\"localhost:5001\"],\"optionalArgs\":[\"port\",\"webchannel_port\",\"host\",\"rules\",\"functions_emulator\",\"seed_from_export\"],\"joinArgs\":false}"}}
[info] i  firestore: Firestore Emulator logging to firestore-debug.log {"metadata":{"emulator":{"name":"firestore"},"message":"Firestore Emulator logging to \u001b[1mfirestore-debug.log\u001b[22m"}}
[debug] [2020-12-26T17:06:29.926Z] API endpoint: http:// {"metadata":{"emulator":{"name":"firestore"},"message":"API endpoint: http://"}}
[debug] [2020-12-26T17:06:29.926Z] localhost:8080
If you are using a library that supports the FIRESTORE_EMULATOR_HOST environment variable, run:

   export FIRESTORE_EMULATOR_HOST=localhost:8080

Dev App Server is now running.

 {"metadata":{"emulator":{"name":"firestore"},"message":"localhost:8080\nIf you are using a library that supports the FIRESTORE_EMULATOR_HOST environment variable, run:\n\n   export FIRESTORE_EMULATOR_HOST=localhost:8080\n\nDev App Server is now running.\n\n"}}
[debug] [2020-12-26T17:06:30.044Z] > refreshing access token with scopes: ["email","https://www.googleapis.com/auth/cloud-platform","https://www.googleapis.com/auth/cloudplatformprojects.readonly","https://www.googleapis.com/auth/firebase","openid"]
[debug] [2020-12-26T17:06:30.045Z] >>> HTTP REQUEST POST https://www.googleapis.com/oauth2/v3/token  
 <request body omitted>
[debug] [2020-12-26T17:06:30.193Z] <<< HTTP RESPONSE 200 {"pragma":"no-cache","date":"Sat, 26 Dec 2020 17:06:30 GMT","cache-control":"no-cache, no-store, max-age=0, must-revalidate","expires":"Mon, 01 Jan 1990 00:00:00 GMT","content-type":"application/json; charset=utf-8","vary":"X-Origin, Referer, Origin,Accept-Encoding","server":"scaffolding on HTTPServer2","x-xss-protection":"0","x-frame-options":"SAMEORIGIN","x-content-type-options":"nosniff","alt-svc":"h3-29=\":443\"; ma=2592000,h3-T051=\":443\"; ma=2592000,h3-Q050=\":443\"; ma=2592000,h3-Q046=\":443\"; ma=2592000,h3-Q043=\":443\"; ma=2592000,quic=\":443\"; ma=2592000; v=\"46,43\"","accept-ranges":"none","transfer-encoding":"chunked"}
[debug] [2020-12-26T17:06:30.201Z] >>> HTTP REQUEST GET https://firebase.googleapis.com/v1beta1/projects/amaclone-673b4/webApps/-/config  
 
[debug] [2020-12-26T17:06:31.078Z] <<< HTTP RESPONSE 200 {"content-type":"application/json; charset=UTF-8","vary":"X-Origin, Referer, Origin,Accept-Encoding","date":"Sat, 26 Dec 2020 17:06:30 GMT","server":"ESF","cache-control":"private","x-xss-protection":"0","x-frame-options":"SAMEORIGIN","x-content-type-options":"nosniff","alt-svc":"h3-29=\":443\"; ma=2592000,h3-T051=\":443\"; ma=2592000,h3-Q050=\":443\"; ma=2592000,h3-Q046=\":443\"; ma=2592000,h3-Q043=\":443\"; ma=2592000,quic=\":443\"; ma=2592000; v=\"46,43\"","accept-ranges":"none","transfer-encoding":"chunked"}
[info] i  hosting: Serving hosting files from: build {"metadata":{"emulator":{"name":"hosting"},"message":"Serving hosting files from: \u001b[1mbuild\u001b[22m"}}
[info] ✔  hosting: Local server: http://localhost:5000 {"metadata":{"emulator":{"name":"hosting"},"message":"Local server: \u001b[4m\u001b[1mhttp://localhost:5000\u001b[22m\u001b[24m"}}
[debug] [2020-12-26T17:06:31.114Z] Ignoring unsupported arg: auto_download {"metadata":{"emulator":{"name":"ui"},"message":"Ignoring unsupported arg: auto_download"}}
[debug] [2020-12-26T17:06:31.114Z] Ignoring unsupported arg: port {"metadata":{"emulator":{"name":"ui"},"message":"Ignoring unsupported arg: port"}}
[debug] [2020-12-26T17:06:31.114Z] Starting Emulator UI with command {"binary":"node","args":["/home/becode/.cache/firebase/emulators/ui-v1.4.1/server.bundle.js"],"optionalArgs":[],"joinArgs":false} {"metadata":{"emulator":{"name":"ui"},"message":"Starting Emulator UI with command {\"binary\":\"node\",\"args\":[\"/home/becode/.cache/firebase/emulators/ui-v1.4.1/server.bundle.js\"],\"optionalArgs\":[],\"joinArgs\":false}"}}
[info] i  ui: Emulator UI logging to ui-debug.log {"metadata":{"emulator":{"name":"ui"},"message":"Emulator UI logging to \u001b[1mui-debug.log\u001b[22m"}}
[debug] [2020-12-26T17:06:31.231Z] Web / API server started at http://localhost:4000
 {"metadata":{"emulator":{"name":"ui"},"message":"Web / API server started at http://localhost:4000\n"}}
[info] i  functions: Watching "/home/becode/Desktop/amazon-clone/functions" for Cloud Functions... {"metadata":{"emulator":{"name":"functions"},"message":"Watching \"/home/becode/Desktop/amazon-clone/functions\" for Cloud Functions..."}}
[debug] [2020-12-26T17:06:31.397Z] [worker-pool] addWorker(~diagnostic~) {"metadata":{"emulator":{"name":"functions"},"message":"[worker-pool] addWorker(~diagnostic~)"}}
[debug] [2020-12-26T17:06:31.397Z] [worker-pool] Adding worker with key ~diagnostic~, total=1 {"metadata":{"emulator":{"name":"functions"},"message":"[worker-pool] Adding worker with key ~diagnostic~, total=1"}}
[debug] [2020-12-26T17:06:31.398Z] [worker-pool] submitWork(triggerId=) {"metadata":{"emulator":{"name":"functions"},"message":"[worker-pool] submitWork(triggerId=)"}}
[debug] [2020-12-26T17:06:31.398Z] [worker-~diagnostic~-246c428b-b44f-4feb-843b-37d98b63bdbe]: Assigning socketPath: /tmp/fire_emu_4911.sock {"metadata":{"emulator":{"name":"functions"},"message":"[worker-~diagnostic~-246c428b-b44f-4feb-843b-37d98b63bdbe]: Assigning socketPath: /tmp/fire_emu_4911.sock"}}
[debug] [2020-12-26T17:06:31.399Z] [worker-~diagnostic~-246c428b-b44f-4feb-843b-37d98b63bdbe]: BUSY {"metadata":{"emulator":{"name":"functions"},"message":"[worker-~diagnostic~-246c428b-b44f-4feb-843b-37d98b63bdbe]: BUSY"}}
[debug] [2020-12-26T17:06:31.541Z] [runtime-status] [4911] Functions runtime initialized. {"cwd":"/home/becode/Desktop/amazon-clone/functions","node_version":"14.11.0"} {"metadata":{"emulator":{"name":"functions"},"message":"[runtime-status] [4911] Functions runtime initialized. {\"cwd\":\"/home/becode/Desktop/amazon-clone/functions\",\"node_version\":\"14.11.0\"}"}}
[debug] [2020-12-26T17:06:31.544Z] [runtime-status] [4911] Disabled runtime features: undefined {"metadata":{"emulator":{"name":"functions"},"message":"[runtime-status] [4911] Disabled runtime features: undefined"}}
[debug] [2020-12-26T17:06:31.546Z] [runtime-status] [4911] Resolved module firebase-admin {"declared":true,"installed":true,"version":"9.4.2","resolution":"/home/becode/Desktop/amazon-clone/functions/node_modules/firebase-admin/lib/index.js"} {"metadata":{"emulator":{"name":"functions"},"message":"[runtime-status] [4911] Resolved module firebase-admin {\"declared\":true,\"installed\":true,\"version\":\"9.4.2\",\"resolution\":\"/home/becode/Desktop/amazon-clone/functions/node_modules/firebase-admin/lib/index.js\"}"}}
[debug] [2020-12-26T17:06:31.547Z] [runtime-status] [4911] Resolved module firebase-functions {"declared":true,"installed":true,"version":"3.13.0","resolution":"/home/becode/Desktop/amazon-clone/functions/node_modules/firebase-functions/lib/index.js"} {"metadata":{"emulator":{"name":"functions"},"message":"[runtime-status] [4911] Resolved module firebase-functions {\"declared\":true,\"installed\":true,\"version\":\"3.13.0\",\"resolution\":\"/home/becode/Desktop/amazon-clone/functions/node_modules/firebase-functions/lib/index.js\"}"}}
[debug] [2020-12-26T17:06:31.549Z] [runtime-status] [4911] Resolved module firebase-functions {"declared":true,"installed":true,"version":"3.13.0","resolution":"/home/becode/Desktop/amazon-clone/functions/node_modules/firebase-functions/lib/index.js"} {"metadata":{"emulator":{"name":"functions"},"message":"[runtime-status] [4911] Resolved module firebase-functions {\"declared\":true,\"installed\":true,\"version\":\"3.13.0\",\"resolution\":\"/home/becode/Desktop/amazon-clone/functions/node_modules/firebase-functions/lib/index.js\"}"}}
[debug] [2020-12-26T17:06:31.551Z] [runtime-status] [4911] Outgoing network have been stubbed. [{"name":"http","status":"mocked"},{"name":"http","status":"mocked"},{"name":"https","status":"mocked"},{"name":"https","status":"mocked"},{"name":"net","status":"mocked"}] {"metadata":{"emulator":{"name":"functions"},"message":"[runtime-status] [4911] Outgoing network have been stubbed. [{\"name\":\"http\",\"status\":\"mocked\"},{\"name\":\"http\",\"status\":\"mocked\"},{\"name\":\"https\",\"status\":\"mocked\"},{\"name\":\"https\",\"status\":\"mocked\"},{\"name\":\"net\",\"status\":\"mocked\"}]"}}
[debug] [2020-12-26T17:06:31.553Z] [runtime-status] [4911] Resolved module firebase-functions {"declared":true,"installed":true,"version":"3.13.0","resolution":"/home/becode/Desktop/amazon-clone/functions/node_modules/firebase-functions/lib/index.js"} {"metadata":{"emulator":{"name":"functions"},"message":"[runtime-status] [4911] Resolved module firebase-functions {\"declared\":true,\"installed\":true,\"version\":\"3.13.0\",\"resolution\":\"/home/becode/Desktop/amazon-clone/functions/node_modules/firebase-functions/lib/index.js\"}"}}
[debug] [2020-12-26T17:06:31.592Z] [runtime-status] [4911] Checked functions.config() {"config":{}} {"metadata":{"emulator":{"name":"functions"},"message":"[runtime-status] [4911] Checked functions.config() {\"config\":{}}"}}
[debug] [2020-12-26T17:06:31.592Z] [runtime-status] [4911] firebase-functions has been stubbed. {"functionsResolution":{"declared":true,"installed":true,"version":"3.13.0","resolution":"/home/becode/Desktop/amazon-clone/functions/node_modules/firebase-functions/lib/index.js"}} {"metadata":{"emulator":{"name":"functions"},"message":"[runtime-status] [4911] firebase-functions has been stubbed. {\"functionsResolution\":{\"declared\":true,\"installed\":true,\"version\":\"3.13.0\",\"resolution\":\"/home/becode/Desktop/amazon-clone/functions/node_modules/firebase-functions/lib/index.js\"}}"}}
[debug] [2020-12-26T17:06:31.595Z] [runtime-status] [4911] Resolved module firebase-functions {"declared":true,"installed":true,"version":"3.13.0","resolution":"/home/becode/Desktop/amazon-clone/functions/node_modules/firebase-functions/lib/index.js"} {"metadata":{"emulator":{"name":"functions"},"message":"[runtime-status] [4911] Resolved module firebase-functions {\"declared\":true,\"installed\":true,\"version\":\"3.13.0\",\"resolution\":\"/home/becode/Desktop/amazon-clone/functions/node_modules/firebase-functions/lib/index.js\"}"}}
[debug] [2020-12-26T17:06:31.596Z] [runtime-status] [4911] Resolved module firebase-admin {"declared":true,"installed":true,"version":"9.4.2","resolution":"/home/becode/Desktop/amazon-clone/functions/node_modules/firebase-admin/lib/index.js"} {"metadata":{"emulator":{"name":"functions"},"message":"[runtime-status] [4911] Resolved module firebase-admin {\"declared\":true,\"installed\":true,\"version\":\"9.4.2\",\"resolution\":\"/home/becode/Desktop/amazon-clone/functions/node_modules/firebase-admin/lib/index.js\"}"}}
[debug] [2020-12-26T17:06:31.596Z] [runtime-status] [4911] Resolved module firebase-functions {"declared":true,"installed":true,"version":"3.13.0","resolution":"/home/becode/Desktop/amazon-clone/functions/node_modules/firebase-functions/lib/index.js"} {"metadata":{"emulator":{"name":"functions"},"message":"[runtime-status] [4911] Resolved module firebase-functions {\"declared\":true,\"installed\":true,\"version\":\"3.13.0\",\"resolution\":\"/home/becode/Desktop/amazon-clone/functions/node_modules/firebase-functions/lib/index.js\"}"}}
[debug] [2020-12-26T17:06:31.596Z] [runtime-status] [4911] firebase-admin has been stubbed. {"adminResolution":{"declared":true,"installed":true,"version":"9.4.2","resolution":"/home/becode/Desktop/amazon-clone/functions/node_modules/firebase-admin/lib/index.js"}} {"metadata":{"emulator":{"name":"functions"},"message":"[runtime-status] [4911] firebase-admin has been stubbed. {\"adminResolution\":{\"declared\":true,\"installed\":true,\"version\":\"9.4.2\",\"resolution\":\"/home/becode/Desktop/amazon-clone/functions/node_modules/firebase-admin/lib/index.js\"}}"}}
[info] ✔  functions[api]: http function initialized (http://localhost:5001/amaclone-673b4/us-central1/api). {"metadata":{"emulator":{"name":"functions"},"message":"\u001b[1mhttp\u001b[22m function initialized (http://localhost:5001/amaclone-673b4/us-central1/api)."}}
[info] 
┌─────────────────────────────────────────────────────────────┐
│ ✔  All emulators ready! It is now safe to connect your app. │
│ i  View Emulator UI at http://localhost:4000                │
└─────────────────────────────────────────────────────────────┘

┌───────────┬────────────────┬─────────────────────────────────┐
│ Emulator  │ Host:Port      │ View in Emulator UI             │
├───────────┼────────────────┼─────────────────────────────────┤
│ Functions │ localhost:5001 │ http://localhost:4000/functions │
├───────────┼────────────────┼─────────────────────────────────┤
│ Firestore │ localhost:8080 │ http://localhost:4000/firestore │
├───────────┼────────────────┼─────────────────────────────────┤
│ Hosting   │ localhost:5000 │ n/a                             │
└───────────┴────────────────┴─────────────────────────────────┘
  Emulator Hub running at localhost:4400
  Other reserved ports: 4500

Issues? Report them at https://github.com/firebase/firebase-tools/issues and attach the *-debug.log files.
 
[debug] [2020-12-26T17:06:31.699Z] [worker-~diagnostic~-246c428b-b44f-4feb-843b-37d98b63bdbe]: IDLE {"metadata":{"emulator":{"name":"functions"},"message":"[worker-~diagnostic~-246c428b-b44f-4feb-843b-37d98b63bdbe]: IDLE"}}
[debug] [2020-12-26T17:06:35.782Z] [work-queue] {"queueLength":1,"workRunningCount":0}
[debug] [2020-12-26T17:06:35.783Z] [work-queue] {"queueLength":0,"workRunningCount":1}
[debug] [2020-12-26T17:06:35.784Z] Accepted request POST /amaclone-673b4/us-central1/api/payments/create?total=0 --> api
[debug] [2020-12-26T17:06:35.813Z] [worker-pool] addWorker(api) {"metadata":{"emulator":{"name":"functions"},"message":"[worker-pool] addWorker(api)"}}
[debug] [2020-12-26T17:06:35.814Z] [worker-pool] Adding worker with key api, total=1 {"metadata":{"emulator":{"name":"functions"},"message":"[worker-pool] Adding worker with key api, total=1"}}
[debug] [2020-12-26T17:06:35.814Z] [worker-pool] submitWork(triggerId=api) {"metadata":{"emulator":{"name":"functions"},"message":"[worker-pool] submitWork(triggerId=api)"}}
[debug] [2020-12-26T17:06:35.815Z] [worker-api-92efdabf-bd9d-4556-af96-4549645715bc]: Assigning socketPath: /tmp/fire_emu_4939.sock {"metadata":{"emulator":{"name":"functions"},"message":"[worker-api-92efdabf-bd9d-4556-af96-4549645715bc]: Assigning socketPath: /tmp/fire_emu_4939.sock"}}
[debug] [2020-12-26T17:06:35.815Z] [worker-api-92efdabf-bd9d-4556-af96-4549645715bc]: BUSY {"metadata":{"emulator":{"name":"functions"},"message":"[worker-api-92efdabf-bd9d-4556-af96-4549645715bc]: BUSY"}}
[debug] [2020-12-26T17:06:36.112Z] [runtime-status] [4939] Functions runtime initialized. {"cwd":"/home/becode/Desktop/amazon-clone/functions","node_version":"14.11.0"} {"metadata":{"emulator":{"name":"functions"},"function":{"name":"api"},"message":"[runtime-status] [4939] Functions runtime initialized. {\"cwd\":\"/home/becode/Desktop/amazon-clone/functions\",\"node_version\":\"14.11.0\"}"}}
[debug] [2020-12-26T17:06:36.115Z] [runtime-status] [4939] Disabled runtime features: undefined {"metadata":{"emulator":{"name":"functions"},"function":{"name":"api"},"message":"[runtime-status] [4939] Disabled runtime features: undefined"}}
[debug] [2020-12-26T17:06:36.121Z] [runtime-status] [4939] Resolved module firebase-admin {"declared":true,"installed":true,"version":"9.4.2","resolution":"/home/becode/Desktop/amazon-clone/functions/node_modules/firebase-admin/lib/index.js"} {"metadata":{"emulator":{"name":"functions"},"function":{"name":"api"},"message":"[runtime-status] [4939] Resolved module firebase-admin {\"declared\":true,\"installed\":true,\"version\":\"9.4.2\",\"resolution\":\"/home/becode/Desktop/amazon-clone/functions/node_modules/firebase-admin/lib/index.js\"}"}}
[debug] [2020-12-26T17:06:36.127Z] [runtime-status] [4939] Resolved module firebase-functions {"declared":true,"installed":true,"version":"3.13.0","resolution":"/home/becode/Desktop/amazon-clone/functions/node_modules/firebase-functions/lib/index.js"} {"metadata":{"emulator":{"name":"functions"},"function":{"name":"api"},"message":"[runtime-status] [4939] Resolved module firebase-functions {\"declared\":true,\"installed\":true,\"version\":\"3.13.0\",\"resolution\":\"/home/becode/Desktop/amazon-clone/functions/node_modules/firebase-functions/lib/index.js\"}"}}
[debug] [2020-12-26T17:06:36.132Z] [runtime-status] [4939] Resolved module firebase-functions {"declared":true,"installed":true,"version":"3.13.0","resolution":"/home/becode/Desktop/amazon-clone/functions/node_modules/firebase-functions/lib/index.js"} {"metadata":{"emulator":{"name":"functions"},"function":{"name":"api"},"message":"[runtime-status] [4939] Resolved module firebase-functions {\"declared\":true,\"installed\":true,\"version\":\"3.13.0\",\"resolution\":\"/home/becode/Desktop/amazon-clone/functions/node_modules/firebase-functions/lib/index.js\"}"}}
[debug] [2020-12-26T17:06:36.138Z] [runtime-status] [4939] Outgoing network have been stubbed. [{"name":"http","status":"mocked"},{"name":"http","status":"mocked"},{"name":"https","status":"mocked"},{"name":"https","status":"mocked"},{"name":"net","status":"mocked"}] {"metadata":{"emulator":{"name":"functions"},"function":{"name":"api"},"message":"[runtime-status] [4939] Outgoing network have been stubbed. [{\"name\":\"http\",\"status\":\"mocked\"},{\"name\":\"http\",\"status\":\"mocked\"},{\"name\":\"https\",\"status\":\"mocked\"},{\"name\":\"https\",\"status\":\"mocked\"},{\"name\":\"net\",\"status\":\"mocked\"}]"}}
[debug] [2020-12-26T17:06:36.144Z] [runtime-status] [4939] Resolved module firebase-functions {"declared":true,"installed":true,"version":"3.13.0","resolution":"/home/becode/Desktop/amazon-clone/functions/node_modules/firebase-functions/lib/index.js"} {"metadata":{"emulator":{"name":"functions"},"function":{"name":"api"},"message":"[runtime-status] [4939] Resolved module firebase-functions {\"declared\":true,\"installed\":true,\"version\":\"3.13.0\",\"resolution\":\"/home/becode/Desktop/amazon-clone/functions/node_modules/firebase-functions/lib/index.js\"}"}}
[debug] [2020-12-26T17:06:36.222Z] [runtime-status] [4939] Checked functions.config() {"config":{}} {"metadata":{"emulator":{"name":"functions"},"function":{"name":"api"},"message":"[runtime-status] [4939] Checked functions.config() {\"config\":{}}"}}
[debug] [2020-12-26T17:06:36.223Z] [runtime-status] [4939] firebase-functions has been stubbed. {"functionsResolution":{"declared":true,"installed":true,"version":"3.13.0","resolution":"/home/becode/Desktop/amazon-clone/functions/node_modules/firebase-functions/lib/index.js"}} {"metadata":{"emulator":{"name":"functions"},"function":{"name":"api"},"message":"[runtime-status] [4939] firebase-functions has been stubbed. {\"functionsResolution\":{\"declared\":true,\"installed\":true,\"version\":\"3.13.0\",\"resolution\":\"/home/becode/Desktop/amazon-clone/functions/node_modules/firebase-functions/lib/index.js\"}}"}}
[debug] [2020-12-26T17:06:36.226Z] [runtime-status] [4939] Resolved module firebase-functions {"declared":true,"installed":true,"version":"3.13.0","resolution":"/home/becode/Desktop/amazon-clone/functions/node_modules/firebase-functions/lib/index.js"} {"metadata":{"emulator":{"name":"functions"},"function":{"name":"api"},"message":"[runtime-status] [4939] Resolved module firebase-functions {\"declared\":true,\"installed\":true,\"version\":\"3.13.0\",\"resolution\":\"/home/becode/Desktop/amazon-clone/functions/node_modules/firebase-functions/lib/index.js\"}"}}
[debug] [2020-12-26T17:06:36.227Z] [runtime-status] [4939] Resolved module firebase-admin {"declared":true,"installed":true,"version":"9.4.2","resolution":"/home/becode/Desktop/amazon-clone/functions/node_modules/firebase-admin/lib/index.js"} {"metadata":{"emulator":{"name":"functions"},"function":{"name":"api"},"message":"[runtime-status] [4939] Resolved module firebase-admin {\"declared\":true,\"installed\":true,\"version\":\"9.4.2\",\"resolution\":\"/home/becode/Desktop/amazon-clone/functions/node_modules/firebase-admin/lib/index.js\"}"}}
[debug] [2020-12-26T17:06:36.227Z] [runtime-status] [4939] Resolved module firebase-functions {"declared":true,"installed":true,"version":"3.13.0","resolution":"/home/becode/Desktop/amazon-clone/functions/node_modules/firebase-functions/lib/index.js"} {"metadata":{"emulator":{"name":"functions"},"function":{"name":"api"},"message":"[runtime-status] [4939] Resolved module firebase-functions {\"declared\":true,\"installed\":true,\"version\":\"3.13.0\",\"resolution\":\"/home/becode/Desktop/amazon-clone/functions/node_modules/firebase-functions/lib/index.js\"}"}}
[debug] [2020-12-26T17:06:36.228Z] [runtime-status] [4939] firebase-admin has been stubbed. {"adminResolution":{"declared":true,"installed":true,"version":"9.4.2","resolution":"/home/becode/Desktop/amazon-clone/functions/node_modules/firebase-admin/lib/index.js"}} {"metadata":{"emulator":{"name":"functions"},"function":{"name":"api"},"message":"[runtime-status] [4939] firebase-admin has been stubbed. {\"adminResolution\":{\"declared\":true,\"installed\":true,\"version\":\"9.4.2\",\"resolution\":\"/home/becode/Desktop/amazon-clone/functions/node_modules/firebase-admin/lib/index.js\"}}"}}
[debug] [2020-12-26T17:06:36.405Z] [runtime-status] [4939] Trigger "api" has been found, beginning invocation! {"metadata":{"emulator":{"name":"functions"},"function":{"name":"api"},"message":"[runtime-status] [4939] Trigger \"api\" has been found, beginning invocation!"}}
[info] i  functions: Beginning execution of "api" {"metadata":{"emulator":{"name":"functions"},"function":{"name":"api"},"message":"Beginning execution of \"api\""}}
[debug] [2020-12-26T17:06:36.409Z] [runtime-status] [4939] triggerDefinition {"httpsTrigger":{},"name":"api","entryPoint":"api"} {"metadata":{"emulator":{"name":"functions"},"function":{"name":"api"},"message":"[runtime-status] [4939] triggerDefinition {\"httpsTrigger\":{},\"name\":\"api\",\"entryPoint\":\"api\"}"}}
[debug] [2020-12-26T17:06:36.433Z] [runtime-status] [4939] Running api in mode HTTPS {"metadata":{"emulator":{"name":"functions"},"function":{"name":"api"},"message":"[runtime-status] [4939] Running api in mode HTTPS"}}
[debug] [2020-12-26T17:06:36.441Z] [runtime-status] [4939] Attempting to listen to socketPath: /tmp/fire_emu_4939.sock {"metadata":{"emulator":{"name":"functions"},"function":{"name":"api"},"message":"[runtime-status] [4939] Attempting to listen to socketPath: /tmp/fire_emu_4939.sock"}}
[debug] [2020-12-26T17:06:36.453Z] [functions] Runtime ready! Sending request! {"metadata":{"emulator":{"name":"functions"},"message":"[functions] Runtime ready! Sending request!"}}
[debug] [2020-12-26T17:06:36.498Z] [runtime-status] [4939] Ephemeral server handling POST request {"metadata":{"emulator":{"name":"functions"},"function":{"name":"api"},"message":"[runtime-status] [4939] Ephemeral server handling POST request"}}
[info] >  Payment Request Recieved BOOM!!! for this amount >>>  0 {"user":"Payment Request Recieved BOOM!!! for this amount >>>  0","metadata":{"emulator":{"name":"functions"},"function":{"name":"api"},"message":"\u001b[90m> \u001b[39m Payment Request Recieved BOOM!!! for this amount >>>  0"}}
[debug] [2020-12-26T17:06:36.530Z] [runtime-status] [4939] Ephemeral server survived. {"metadata":{"emulator":{"name":"functions"},"function":{"name":"api"},"message":"[runtime-status] [4939] Ephemeral server survived."}}
[info] >  (node:4939) UnhandledPromiseRejectionWarning: Error: This value must be greater than or equal to 1. {"user":"(node:4939) UnhandledPromiseRejectionWarning: Error: This value must be greater than or equal to 1.","metadata":{"emulator":{"name":"functions"},"function":{"name":"api"},"message":"\u001b[90m> \u001b[39m (node:4939) UnhandledPromiseRejectionWarning: Error: This value must be greater than or equal to 1."}}
[info] >      at Function.generate (/home/becode/Desktop/amazon-clone/node_modules/stripe/lib/Error.js:40:16) {"user":"    at Function.generate (/home/becode/Desktop/amazon-clone/node_modules/stripe/lib/Error.js:40:16)","metadata":{"emulator":{"name":"functions"},"function":{"name":"api"},"message":"\u001b[90m> \u001b[39m     at Function.generate (/home/becode/Desktop/amazon-clone/node_modules/stripe/lib/Error.js:40:16)"}}
[info] >      at IncomingMessage.<anonymous> (/home/becode/Desktop/amazon-clone/node_modules/stripe/lib/StripeResource.js:190:33) {"user":"    at IncomingMessage.<anonymous> (/home/becode/Desktop/amazon-clone/node_modules/stripe/lib/StripeResource.js:190:33)","metadata":{"emulator":{"name":"functions"},"function":{"name":"api"},"message":"\u001b[90m> \u001b[39m     at IncomingMessage.<anonymous> (/home/becode/Desktop/amazon-clone/node_modules/stripe/lib/StripeResource.js:190:33)"}}
[info] >      at Object.onceWrapper (events.js:420:28) {"user":"    at Object.onceWrapper (events.js:420:28)","metadata":{"emulator":{"name":"functions"},"function":{"name":"api"},"message":"\u001b[90m> \u001b[39m     at Object.onceWrapper (events.js:420:28)"}}
[info] >      at IncomingMessage.emit (events.js:326:22) {"user":"    at IncomingMessage.emit (events.js:326:22)","metadata":{"emulator":{"name":"functions"},"function":{"name":"api"},"message":"\u001b[90m> \u001b[39m     at IncomingMessage.emit (events.js:326:22)"}}
[info] >      at endReadableNT (_stream_readable.js:1252:12) {"user":"    at endReadableNT (_stream_readable.js:1252:12)","metadata":{"emulator":{"name":"functions"},"function":{"name":"api"},"message":"\u001b[90m> \u001b[39m     at endReadableNT (_stream_readable.js:1252:12)"}}
[info] >      at processTicksAndRejections (internal/process/task_queues.js:80:21) {"user":"    at processTicksAndRejections (internal/process/task_queues.js:80:21)","metadata":{"emulator":{"name":"functions"},"function":{"name":"api"},"message":"\u001b[90m> \u001b[39m     at processTicksAndRejections (internal/process/task_queues.js:80:21)"}}
[info] >  (Use `node --trace-warnings ...` to show where the warning was created) {"user":"(Use `node --trace-warnings ...` to show where the warning was created)","metadata":{"emulator":{"name":"functions"},"function":{"name":"api"},"message":"\u001b[90m> \u001b[39m (Use `node --trace-warnings ...` to show where the warning was created)"}}
[info] >  (node:4939) UnhandledPromiseRejectionWarning: Unhandled promise rejection. This error originated either by throwing inside of an async function without a catch block, or by rejecting a promise which was not handled with .catch(). To terminate the node process on unhandled promise rejection, use the CLI flag `--unhandled-rejections=strict` (see https://nodejs.org/api/cli.html#cli_unhandled_rejections_mode). (rejection id: 1) {"user":"(node:4939) UnhandledPromiseRejectionWarning: Unhandled promise rejection. This error originated either by throwing inside of an async function without a catch block, or by rejecting a promise which was not handled with .catch(). To terminate the node process on unhandled promise rejection, use the CLI flag `--unhandled-rejections=strict` (see https://nodejs.org/api/cli.html#cli_unhandled_rejections_mode). (rejection id: 1)","metadata":{"emulator":{"name":"functions"},"function":{"name":"api"},"message":"\u001b[90m> \u001b[39m (node:4939) UnhandledPromiseRejectionWarning: Unhandled promise rejection. This error originated either by throwing inside of an async function without a catch block, or by rejecting a promise which was not handled with .catch(). To terminate the node process on unhandled promise rejection, use the CLI flag `--unhandled-rejections=strict` (see https://nodejs.org/api/cli.html#cli_unhandled_rejections_mode). (rejection id: 1)"}}
[info] >  (node:4939) [DEP0018] DeprecationWarning: Unhandled promise rejections are deprecated. In the future, promise rejections that are not handled will terminate the Node.js process with a non-zero exit code. {"user":"(node:4939) [DEP0018] DeprecationWarning: Unhandled promise rejections are deprecated. In the future, promise rejections that are not handled will terminate the Node.js process with a non-zero exit code.","metadata":{"emulator":{"name":"functions"},"function":{"name":"api"},"message":"\u001b[90m> \u001b[39m (node:4939) [DEP0018] DeprecationWarning: Unhandled promise rejections are deprecated. In the future, promise rejections that are not handled will terminate the Node.js process with a non-zero exit code."}}
[debug] [2020-12-26T17:06:56.649Z] [work-queue] {"queueLength":1,"workRunningCount":1}
[debug] [2020-12-26T17:06:56.649Z] [work-queue] {"queueLength":0,"workRunningCount":2}
[debug] [2020-12-26T17:06:56.649Z] Accepted request POST /amaclone-673b4/us-central1/api/payments/create?total=4998 --> api
[debug] [2020-12-26T17:06:56.660Z] [worker-pool] addWorker(api) {"metadata":{"emulator":{"name":"functions"},"message":"[worker-pool] addWorker(api)"}}
[debug] [2020-12-26T17:06:56.660Z] [worker-pool] Adding worker with key api, total=2 {"metadata":{"emulator":{"name":"functions"},"message":"[worker-pool] Adding worker with key api, total=2"}}
[debug] [2020-12-26T17:06:56.661Z] [worker-pool] submitWork(triggerId=api) {"metadata":{"emulator":{"name":"functions"},"message":"[worker-pool] submitWork(triggerId=api)"}}
[debug] [2020-12-26T17:06:56.661Z] [worker-api-8c6e0c92-895c-47e4-be67-3b0b681e50d7]: Assigning socketPath: /tmp/fire_emu_5019.sock {"metadata":{"emulator":{"name":"functions"},"message":"[worker-api-8c6e0c92-895c-47e4-be67-3b0b681e50d7]: Assigning socketPath: /tmp/fire_emu_5019.sock"}}
[debug] [2020-12-26T17:06:56.661Z] [worker-api-8c6e0c92-895c-47e4-be67-3b0b681e50d7]: BUSY {"metadata":{"emulator":{"name":"functions"},"message":"[worker-api-8c6e0c92-895c-47e4-be67-3b0b681e50d7]: BUSY"}}
[debug] [2020-12-26T17:06:56.928Z] [runtime-status] [5019] Functions runtime initialized. {"cwd":"/home/becode/Desktop/amazon-clone/functions","node_version":"14.11.0"} {"metadata":{"emulator":{"name":"functions"},"function":{"name":"api"},"message":"[runtime-status] [5019] Functions runtime initialized. {\"cwd\":\"/home/becode/Desktop/amazon-clone/functions\",\"node_version\":\"14.11.0\"}"}}
[debug] [2020-12-26T17:06:56.931Z] [runtime-status] [5019] Disabled runtime features: undefined {"metadata":{"emulator":{"name":"functions"},"function":{"name":"api"},"message":"[runtime-status] [5019] Disabled runtime features: undefined"}}
[debug] [2020-12-26T17:06:56.934Z] [runtime-status] [5019] Resolved module firebase-admin {"declared":true,"installed":true,"version":"9.4.2","resolution":"/home/becode/Desktop/amazon-clone/functions/node_modules/firebase-admin/lib/index.js"} {"metadata":{"emulator":{"name":"functions"},"function":{"name":"api"},"message":"[runtime-status] [5019] Resolved module firebase-admin {\"declared\":true,\"installed\":true,\"version\":\"9.4.2\",\"resolution\":\"/home/becode/Desktop/amazon-clone/functions/node_modules/firebase-admin/lib/index.js\"}"}}
[debug] [2020-12-26T17:06:56.937Z] [runtime-status] [5019] Resolved module firebase-functions {"declared":true,"installed":true,"version":"3.13.0","resolution":"/home/becode/Desktop/amazon-clone/functions/node_modules/firebase-functions/lib/index.js"} {"metadata":{"emulator":{"name":"functions"},"function":{"name":"api"},"message":"[runtime-status] [5019] Resolved module firebase-functions {\"declared\":true,\"installed\":true,\"version\":\"3.13.0\",\"resolution\":\"/home/becode/Desktop/amazon-clone/functions/node_modules/firebase-functions/lib/index.js\"}"}}
[debug] [2020-12-26T17:06:56.937Z] [runtime-status] [5019] Resolved module firebase-functions {"declared":true,"installed":true,"version":"3.13.0","resolution":"/home/becode/Desktop/amazon-clone/functions/node_modules/firebase-functions/lib/index.js"} {"metadata":{"emulator":{"name":"functions"},"function":{"name":"api"},"message":"[runtime-status] [5019] Resolved module firebase-functions {\"declared\":true,\"installed\":true,\"version\":\"3.13.0\",\"resolution\":\"/home/becode/Desktop/amazon-clone/functions/node_modules/firebase-functions/lib/index.js\"}"}}
[debug] [2020-12-26T17:06:56.940Z] [runtime-status] [5019] Outgoing network have been stubbed. [{"name":"http","status":"mocked"},{"name":"http","status":"mocked"},{"name":"https","status":"mocked"},{"name":"https","status":"mocked"},{"name":"net","status":"mocked"}] {"metadata":{"emulator":{"name":"functions"},"function":{"name":"api"},"message":"[runtime-status] [5019] Outgoing network have been stubbed. [{\"name\":\"http\",\"status\":\"mocked\"},{\"name\":\"http\",\"status\":\"mocked\"},{\"name\":\"https\",\"status\":\"mocked\"},{\"name\":\"https\",\"status\":\"mocked\"},{\"name\":\"net\",\"status\":\"mocked\"}]"}}
[debug] [2020-12-26T17:06:56.941Z] [runtime-status] [5019] Resolved module firebase-functions {"declared":true,"installed":true,"version":"3.13.0","resolution":"/home/becode/Desktop/amazon-clone/functions/node_modules/firebase-functions/lib/index.js"} {"metadata":{"emulator":{"name":"functions"},"function":{"name":"api"},"message":"[runtime-status] [5019] Resolved module firebase-functions {\"declared\":true,\"installed\":true,\"version\":\"3.13.0\",\"resolution\":\"/home/becode/Desktop/amazon-clone/functions/node_modules/firebase-functions/lib/index.js\"}"}}
[debug] [2020-12-26T17:06:57.011Z] [runtime-status] [5019] Checked functions.config() {"config":{}} {"metadata":{"emulator":{"name":"functions"},"function":{"name":"api"},"message":"[runtime-status] [5019] Checked functions.config() {\"config\":{}}"}}
[debug] [2020-12-26T17:06:57.012Z] [runtime-status] [5019] firebase-functions has been stubbed. {"functionsResolution":{"declared":true,"installed":true,"version":"3.13.0","resolution":"/home/becode/Desktop/amazon-clone/functions/node_modules/firebase-functions/lib/index.js"}} {"metadata":{"emulator":{"name":"functions"},"function":{"name":"api"},"message":"[runtime-status] [5019] firebase-functions has been stubbed. {\"functionsResolution\":{\"declared\":true,\"installed\":true,\"version\":\"3.13.0\",\"resolution\":\"/home/becode/Desktop/amazon-clone/functions/node_modules/firebase-functions/lib/index.js\"}}"}}
[debug] [2020-12-26T17:06:57.014Z] [runtime-status] [5019] Resolved module firebase-functions {"declared":true,"installed":true,"version":"3.13.0","resolution":"/home/becode/Desktop/amazon-clone/functions/node_modules/firebase-functions/lib/index.js"} {"metadata":{"emulator":{"name":"functions"},"function":{"name":"api"},"message":"[runtime-status] [5019] Resolved module firebase-functions {\"declared\":true,\"installed\":true,\"version\":\"3.13.0\",\"resolution\":\"/home/becode/Desktop/amazon-clone/functions/node_modules/firebase-functions/lib/index.js\"}"}}
[debug] [2020-12-26T17:06:57.016Z] [runtime-status] [5019] Resolved module firebase-admin {"declared":true,"installed":true,"version":"9.4.2","resolution":"/home/becode/Desktop/amazon-clone/functions/node_modules/firebase-admin/lib/index.js"} {"metadata":{"emulator":{"name":"functions"},"function":{"name":"api"},"message":"[runtime-status] [5019] Resolved module firebase-admin {\"declared\":true,\"installed\":true,\"version\":\"9.4.2\",\"resolution\":\"/home/becode/Desktop/amazon-clone/functions/node_modules/firebase-admin/lib/index.js\"}"}}
[debug] [2020-12-26T17:06:57.017Z] [runtime-status] [5019] Resolved module firebase-functions {"declared":true,"installed":true,"version":"3.13.0","resolution":"/home/becode/Desktop/amazon-clone/functions/node_modules/firebase-functions/lib/index.js"} {"metadata":{"emulator":{"name":"functions"},"function":{"name":"api"},"message":"[runtime-status] [5019] Resolved module firebase-functions {\"declared\":true,\"installed\":true,\"version\":\"3.13.0\",\"resolution\":\"/home/becode/Desktop/amazon-clone/functions/node_modules/firebase-functions/lib/index.js\"}"}}
[debug] [2020-12-26T17:06:57.017Z] [runtime-status] [5019] firebase-admin has been stubbed. {"adminResolution":{"declared":true,"installed":true,"version":"9.4.2","resolution":"/home/becode/Desktop/amazon-clone/functions/node_modules/firebase-admin/lib/index.js"}} {"metadata":{"emulator":{"name":"functions"},"function":{"name":"api"},"message":"[runtime-status] [5019] firebase-admin has been stubbed. {\"adminResolution\":{\"declared\":true,\"installed\":true,\"version\":\"9.4.2\",\"resolution\":\"/home/becode/Desktop/amazon-clone/functions/node_modules/firebase-admin/lib/index.js\"}}"}}
[debug] [2020-12-26T17:06:57.164Z] [runtime-status] [5019] Trigger "api" has been found, beginning invocation! {"metadata":{"emulator":{"name":"functions"},"function":{"name":"api"},"message":"[runtime-status] [5019] Trigger \"api\" has been found, beginning invocation!"}}
[info] i  functions: Beginning execution of "api" {"metadata":{"emulator":{"name":"functions"},"function":{"name":"api"},"message":"Beginning execution of \"api\""}}
[debug] [2020-12-26T17:06:57.168Z] [runtime-status] [5019] triggerDefinition {"httpsTrigger":{},"name":"api","entryPoint":"api"} {"metadata":{"emulator":{"name":"functions"},"function":{"name":"api"},"message":"[runtime-status] [5019] triggerDefinition {\"httpsTrigger\":{},\"name\":\"api\",\"entryPoint\":\"api\"}"}}
[debug] [2020-12-26T17:06:57.168Z] [runtime-status] [5019] Running api in mode HTTPS {"metadata":{"emulator":{"name":"functions"},"function":{"name":"api"},"message":"[runtime-status] [5019] Running api in mode HTTPS"}}
[debug] [2020-12-26T17:06:57.172Z] [runtime-status] [5019] Attempting to listen to socketPath: /tmp/fire_emu_5019.sock {"metadata":{"emulator":{"name":"functions"},"function":{"name":"api"},"message":"[runtime-status] [5019] Attempting to listen to socketPath: /tmp/fire_emu_5019.sock"}}
[debug] [2020-12-26T17:06:57.177Z] [functions] Runtime ready! Sending request! {"metadata":{"emulator":{"name":"functions"},"message":"[functions] Runtime ready! Sending request!"}}
[debug] [2020-12-26T17:06:57.212Z] [runtime-status] [5019] Ephemeral server handling POST request {"metadata":{"emulator":{"name":"functions"},"function":{"name":"api"},"message":"[runtime-status] [5019] Ephemeral server handling POST request"}}
[info] >  Payment Request Recieved BOOM!!! for this amount >>>  4998 {"user":"Payment Request Recieved BOOM!!! for this amount >>>  4998","metadata":{"emulator":{"name":"functions"},"function":{"name":"api"},"message":"\u001b[90m> \u001b[39m Payment Request Recieved BOOM!!! for this amount >>>  4998"}}
[debug] [2020-12-26T17:06:57.230Z] [runtime-status] [5019] Ephemeral server survived. {"metadata":{"emulator":{"name":"functions"},"function":{"name":"api"},"message":"[runtime-status] [5019] Ephemeral server survived."}}
[info] i  functions: Finished "api" in ~1s {"metadata":{"emulator":{"name":"functions"},"function":{"name":"api"},"message":"Finished \"api\" in ~1s"}}
[debug] [2020-12-26T17:06:57.847Z] [worker-api-8c6e0c92-895c-47e4-be67-3b0b681e50d7]: IDLE {"metadata":{"emulator":{"name":"functions"},"message":"[worker-api-8c6e0c92-895c-47e4-be67-3b0b681e50d7]: IDLE"}}
[debug] [2020-12-26T17:06:57.848Z] [work-queue] {"queueLength":0,"workRunningCount":1}
[debug] [2020-12-26T17:07:09.654Z] [work-queue] {"queueLength":1,"workRunningCount":1}
[debug] [2020-12-26T17:07:09.655Z] [work-queue] {"queueLength":0,"workRunningCount":2}
[debug] [2020-12-26T17:07:09.655Z] Accepted request POST /amaclone-673b4/us-central1/api/payments/create?total=0 --> api
[debug] [2020-12-26T17:07:09.655Z] [worker-pool] submitWork(triggerId=api) {"metadata":{"emulator":{"name":"functions"},"message":"[worker-pool] submitWork(triggerId=api)"}}
[debug] [2020-12-26T17:07:09.655Z] [worker-api-8c6e0c92-895c-47e4-be67-3b0b681e50d7]: Assigning socketPath: /tmp/fire_emu_5019.sock {"metadata":{"emulator":{"name":"functions"},"message":"[worker-api-8c6e0c92-895c-47e4-be67-3b0b681e50d7]: Assigning socketPath: /tmp/fire_emu_5019.sock"}}
[debug] [2020-12-26T17:07:09.656Z] [worker-api-8c6e0c92-895c-47e4-be67-3b0b681e50d7]: BUSY {"metadata":{"emulator":{"name":"functions"},"message":"[worker-api-8c6e0c92-895c-47e4-be67-3b0b681e50d7]: BUSY"}}
[debug] [2020-12-26T17:07:09.656Z] [runtime-status] [5019] Trigger "api" has been found, beginning invocation! {"metadata":{"emulator":{"name":"functions"},"function":{"name":"api"},"message":"[runtime-status] [5019] Trigger \"api\" has been found, beginning invocation!"}}
[info] i  functions: Beginning execution of "api" {"metadata":{"emulator":{"name":"functions"},"function":{"name":"api"},"message":"Beginning execution of \"api\""}}
[debug] [2020-12-26T17:07:09.657Z] [runtime-status] [5019] triggerDefinition {"httpsTrigger":{},"name":"api","entryPoint":"api"} {"metadata":{"emulator":{"name":"functions"},"function":{"name":"api"},"message":"[runtime-status] [5019] triggerDefinition {\"httpsTrigger\":{},\"name\":\"api\",\"entryPoint\":\"api\"}"}}
[debug] [2020-12-26T17:07:09.658Z] [runtime-status] [5019] Running api in mode HTTPS {"metadata":{"emulator":{"name":"functions"},"function":{"name":"api"},"message":"[runtime-status] [5019] Running api in mode HTTPS"}}
[debug] [2020-12-26T17:07:09.658Z] [runtime-status] [5019] Attempting to listen to socketPath: /tmp/fire_emu_5019.sock {"metadata":{"emulator":{"name":"functions"},"function":{"name":"api"},"message":"[runtime-status] [5019] Attempting to listen to socketPath: /tmp/fire_emu_5019.sock"}}
[debug] [2020-12-26T17:07:09.668Z] [functions] Runtime ready! Sending request! {"metadata":{"emulator":{"name":"functions"},"message":"[functions] Runtime ready! Sending request!"}}
[debug] [2020-12-26T17:07:09.688Z] [runtime-status] [5019] Ephemeral server handling POST request {"metadata":{"emulator":{"name":"functions"},"function":{"name":"api"},"message":"[runtime-status] [5019] Ephemeral server handling POST request"}}
[debug] [2020-12-26T17:07:09.689Z] [runtime-status] [5019] Ephemeral server survived. {"metadata":{"emulator":{"name":"functions"},"function":{"name":"api"},"message":"[runtime-status] [5019] Ephemeral server survived."}}
[info] >  Payment Request Recieved BOOM!!! for this amount >>>  0 {"user":"Payment Request Recieved BOOM!!! for this amount >>>  0","metadata":{"emulator":{"name":"functions"},"function":{"name":"api"},"message":"\u001b[90m> \u001b[39m Payment Request Recieved BOOM!!! for this amount >>>  0"}}
[info] >  (node:5019) UnhandledPromiseRejectionWarning: Error: This value must be greater than or equal to 1. {"user":"(node:5019) UnhandledPromiseRejectionWarning: Error: This value must be greater than or equal to 1.","metadata":{"emulator":{"name":"functions"},"function":{"name":"api"},"message":"\u001b[90m> \u001b[39m (node:5019) UnhandledPromiseRejectionWarning: Error: This value must be greater than or equal to 1."}}
[info] >      at Function.generate (/home/becode/Desktop/amazon-clone/node_modules/stripe/lib/Error.js:40:16) {"user":"    at Function.generate (/home/becode/Desktop/amazon-clone/node_modules/stripe/lib/Error.js:40:16)","metadata":{"emulator":{"name":"functions"},"function":{"name":"api"},"message":"\u001b[90m> \u001b[39m     at Function.generate (/home/becode/Desktop/amazon-clone/node_modules/stripe/lib/Error.js:40:16)"}}
[info] >      at IncomingMessage.<anonymous> (/home/becode/Desktop/amazon-clone/node_modules/stripe/lib/StripeResource.js:190:33) {"user":"    at IncomingMessage.<anonymous> (/home/becode/Desktop/amazon-clone/node_modules/stripe/lib/StripeResource.js:190:33)","metadata":{"emulator":{"name":"functions"},"function":{"name":"api"},"message":"\u001b[90m> \u001b[39m     at IncomingMessage.<anonymous> (/home/becode/Desktop/amazon-clone/node_modules/stripe/lib/StripeResource.js:190:33)"}}
[info] >      at Object.onceWrapper (events.js:420:28) {"user":"    at Object.onceWrapper (events.js:420:28)","metadata":{"emulator":{"name":"functions"},"function":{"name":"api"},"message":"\u001b[90m> \u001b[39m     at Object.onceWrapper (events.js:420:28)"}}
[info] >      at IncomingMessage.emit (events.js:326:22) {"user":"    at IncomingMessage.emit (events.js:326:22)","metadata":{"emulator":{"name":"functions"},"function":{"name":"api"},"message":"\u001b[90m> \u001b[39m     at IncomingMessage.emit (events.js:326:22)"}}
[info] >      at endReadableNT (_stream_readable.js:1252:12) {"user":"    at endReadableNT (_stream_readable.js:1252:12)","metadata":{"emulator":{"name":"functions"},"function":{"name":"api"},"message":"\u001b[90m> \u001b[39m     at endReadableNT (_stream_readable.js:1252:12)"}}
[info] >      at processTicksAndRejections (internal/process/task_queues.js:80:21) {"user":"    at processTicksAndRejections (internal/process/task_queues.js:80:21)","metadata":{"emulator":{"name":"functions"},"function":{"name":"api"},"message":"\u001b[90m> \u001b[39m     at processTicksAndRejections (internal/process/task_queues.js:80:21)"}}
[info] >  (Use `node --trace-warnings ...` to show where the warning was created) {"user":"(Use `node --trace-warnings ...` to show where the warning was created)","metadata":{"emulator":{"name":"functions"},"function":{"name":"api"},"message":"\u001b[90m> \u001b[39m (Use `node --trace-warnings ...` to show where the warning was created)"}}
[info] >  (node:5019) UnhandledPromiseRejectionWarning: Unhandled promise rejection. This error originated either by throwing inside of an async function without a catch block, or by rejecting a promise which was not handled with .catch(). To terminate the node process on unhandled promise rejection, use the CLI flag `--unhandled-rejections=strict` (see https://nodejs.org/api/cli.html#cli_unhandled_rejections_mode). (rejection id: 1) {"user":"(node:5019) UnhandledPromiseRejectionWarning: Unhandled promise rejection. This error originated either by throwing inside of an async function without a catch block, or by rejecting a promise which was not handled with .catch(). To terminate the node process on unhandled promise rejection, use the CLI flag `--unhandled-rejections=strict` (see https://nodejs.org/api/cli.html#cli_unhandled_rejections_mode). (rejection id: 1)","metadata":{"emulator":{"name":"functions"},"function":{"name":"api"},"message":"\u001b[90m> \u001b[39m (node:5019) UnhandledPromiseRejectionWarning: Unhandled promise rejection. This error originated either by throwing inside of an async function without a catch block, or by rejecting a promise which was not handled with .catch(). To terminate the node process on unhandled promise rejection, use the CLI flag `--unhandled-rejections=strict` (see https://nodejs.org/api/cli.html#cli_unhandled_rejections_mode). (rejection id: 1)"}}
[info] >  (node:5019) [DEP0018] DeprecationWarning: Unhandled promise rejections are deprecated. In the future, promise rejections that are not handled will terminate the Node.js process with a non-zero exit code. {"user":"(node:5019) [DEP0018] DeprecationWarning: Unhandled promise rejections are deprecated. In the future, promise rejections that are not handled will terminate the Node.js process with a non-zero exit code.","metadata":{"emulator":{"name":"functions"},"function":{"name":"api"},"message":"\u001b[90m> \u001b[39m (node:5019) [DEP0018] DeprecationWarning: Unhandled promise rejections are deprecated. In the future, promise rejections that are not handled will terminate the Node.js process with a non-zero exit code."}}
